<?xml version="1.0" encoding="UTF-8"?>
<!-- Generated by org.testng.reporters.JUnitReportReporter -->
<testsuite hostname="DESKTOP-HGBR7TQ" failures="0" tests="4" name="test.Logintest" time="4.169" errors="0" timestamp="2023-02-10T19:10:37 IST" skipped="0">
  <testcase classname="test.Logintest" name="verifyBuildTitleName" time="0.038"/>
  <system-out/>
  <testcase classname="test.Logintest" name="verifyTitleOfLoginPage" time="0.912"/>
  <system-out/>
  <testcase classname="test.Logintest" name="verifyCurrentUrlOfPage" time="0.028"/>
  <system-out/>
  <testcase classname="test.Logintest" name="verifyLoginWithCorrectCredentials" time="3.191"/>
  <system-out/>
</testsuite> <!-- test.Logintest -->
