<?xml version="1.0" encoding="UTF-8"?>
<!-- Generated by org.testng.reporters.JUnitReportReporter -->
<testsuite hostname="DESKTOP-HGBR7TQ" failures="0" tests="6" name="test.Logintest" time="4.171" errors="0" timestamp="2023-03-15T21:49:24 IST" skipped="0">
  <testcase classname="test.Logintest" name="verifyaaaAA" time="0.009"/>
  <system-out/>
  <testcase classname="test.Logintest" name="verifyaaa" time="0.028"/>
  <system-out/>
  <testcase classname="test.Logintest" name="verifyBuildTitleName" time="0.014"/>
  <system-out/>
  <testcase classname="test.Logintest" name="verifyTitleOfLoginPage" time="1.066"/>
  <system-out/>
  <testcase classname="test.Logintest" name="verifyCurrentUrlOfPage" time="0.017"/>
  <system-out/>
  <testcase classname="test.Logintest" name="verifyLoginWithCorrectCredentials" time="3.037"/>
  <system-out/>
</testsuite> <!-- test.Logintest -->
