<?xml version="1.0" encoding="UTF-8"?>
<!-- Generated by org.testng.reporters.JUnitReportReporter -->
<testsuite hostname="DESKTOP-HGBR7TQ" failures="0" tests="3" name="test.PIMTest" time="4.338" errors="0" timestamp="2023-02-10T19:10:36 IST" skipped="0">
  <testcase classname="test.PIMTest" name="verifyPimPageTitle" time="2.176"/>
  <system-out/>
  <testcase classname="test.PIMTest" name="verifyEmpSearchEmpId" time="2.160"/>
  <system-out/>
  <testcase classname="test.PIMTest" name="TestIngChanges" time="0.002"/>
  <system-out/>
</testsuite> <!-- test.PIMTest -->
